0 info it worked if it ends with ok
1 verbose cli [ '/usr/local/bin/node',
1 verbose cli   '/usr/local/bin/npm',
1 verbose cli   'install',
1 verbose cli   '-g',
1 verbose cli   'ionic' ]
2 info using npm@2.14.7
3 info using node@v4.2.3
4 verbose install initial load of /usr/local/lib/package.json
5 verbose readDependencies loading dependencies from /usr/local/lib/package.json
6 silly cache add args [ 'ionic', null ]
7 verbose cache add spec ionic
8 silly cache add parsed spec Result {
8 silly cache add   raw: 'ionic',
8 silly cache add   scope: null,
8 silly cache add   name: 'ionic',
8 silly cache add   rawSpec: '',
8 silly cache add   spec: '*',
8 silly cache add   type: 'range' }
9 silly addNamed ionic@*
10 verbose addNamed "*" is a valid semver range for ionic
11 silly addNameRange { name: 'ionic', range: '*', hasData: false }
12 silly mapToRegistry name ionic
13 silly mapToRegistry using default registry
14 silly mapToRegistry registry https://registry.npmjs.org/
15 silly mapToRegistry uri https://registry.npmjs.org/ionic
16 verbose addNameRange registry:https://registry.npmjs.org/ionic not in flight; fetching
17 verbose request uri https://registry.npmjs.org/ionic
18 verbose request no auth needed
19 info attempt registry request try #1 at 1:06:22 PM
20 verbose request id bd95fff1f74cea8b
21 http request GET https://registry.npmjs.org/ionic
22 http 200 https://registry.npmjs.org/ionic
23 verbose headers { server: 'CouchDB/1.5.0 (Erlang OTP/R16B03)',
23 verbose headers   etag: '"6PII78BB43TSAD8WRLFUS00I2"',
23 verbose headers   'content-type': 'application/json',
23 verbose headers   'cache-control': 'max-age=300',
23 verbose headers   'content-length': '664494',
23 verbose headers   'accept-ranges': 'bytes',
23 verbose headers   date: 'Wed, 27 Jan 2016 19:06:15 GMT',
23 verbose headers   via: '1.1 varnish',
23 verbose headers   age: '30',
23 verbose headers   connection: 'keep-alive',
23 verbose headers   'x-served-by': 'cache-ord1730-ORD',
23 verbose headers   'x-cache': 'HIT',
23 verbose headers   'x-cache-hits': '1',
23 verbose headers   'x-timer': 'S1453921575.471487,VS0,VE3',
23 verbose headers   vary: 'Accept' }
24 silly get cb [ 200,
24 silly get   { server: 'CouchDB/1.5.0 (Erlang OTP/R16B03)',
24 silly get     etag: '"6PII78BB43TSAD8WRLFUS00I2"',
24 silly get     'content-type': 'application/json',
24 silly get     'cache-control': 'max-age=300',
24 silly get     'content-length': '664494',
24 silly get     'accept-ranges': 'bytes',
24 silly get     date: 'Wed, 27 Jan 2016 19:06:15 GMT',
24 silly get     via: '1.1 varnish',
24 silly get     age: '30',
24 silly get     connection: 'keep-alive',
24 silly get     'x-served-by': 'cache-ord1730-ORD',
24 silly get     'x-cache': 'HIT',
24 silly get     'x-cache-hits': '1',
24 silly get     'x-timer': 'S1453921575.471487,VS0,VE3',
24 silly get     vary: 'Accept' } ]
25 verbose get saving ionic to /var/root/.npm/registry.npmjs.org/ionic/.cache.json
26 verbose makeDirectory /var/root/.npm creation not in flight; initializing
27 silly makeDirectory /var/root/.npm uid: 501 gid: 20
28 silly addNameRange number 2 { name: 'ionic', range: '*', hasData: true }
29 silly addNameRange versions [ 'ionic',
29 silly addNameRange   [ '0.9.6',
29 silly addNameRange     '0.9.8',
29 silly addNameRange     '0.9.9',
29 silly addNameRange     '0.9.10',
29 silly addNameRange     '0.9.11',
29 silly addNameRange     '0.9.12',
29 silly addNameRange     '0.9.13',
29 silly addNameRange     '0.9.14',
29 silly addNameRange     '0.9.15',
29 silly addNameRange     '0.9.16',
29 silly addNameRange     '1.0.0-beta.1',
29 silly addNameRange     '1.0.0-beta',
29 silly addNameRange     '1.0.1-beta',
29 silly addNameRange     '1.0.3-beta',
29 silly addNameRange     '1.0.4',
29 silly addNameRange     '1.0.5',
29 silly addNameRange     '1.0.6',
29 silly addNameRange     '1.0.7',
29 silly addNameRange     '1.0.8',
29 silly addNameRange     '1.0.9',
29 silly addNameRange     '1.0.10',
29 silly addNameRange     '1.0.11',
29 silly addNameRange     '1.0.12',
29 silly addNameRange     '1.0.13',
29 silly addNameRange     '1.0.14',
29 silly addNameRange     '1.0.15',
29 silly addNameRange     '1.0.16',
29 silly addNameRange     '1.0.17',
29 silly addNameRange     '1.1.0-beta1',
29 silly addNameRange     '1.1.0-beta2',
29 silly addNameRange     '1.1.0-beta3',
29 silly addNameRange     '1.1.0-beta4',
29 silly addNameRange     '1.1.0-beta5',
29 silly addNameRange     '1.1.0-beta6',
29 silly addNameRange     '1.1.0',
29 silly addNameRange     '1.1.1-beta1',
29 silly addNameRange     '1.1.1-beta2',
29 silly addNameRange     '1.1.1-beta3',
29 silly addNameRange     '1.1.1',
29 silly addNameRange     '1.1.3',
29 silly addNameRange     '1.1.4',
29 silly addNameRange     '1.1.5-beta1',
29 silly addNameRange     '1.1.5-beta2',
29 silly addNameRange     '1.1.5-beta3',
29 silly addNameRange     '1.1.5-beta4',
29 silly addNameRange     '1.1.5-beta5',
29 silly addNameRange     '1.1.5',
29 silly addNameRange     '1.1.6',
29 silly addNameRange     '1.1.7-beta1',
29 silly addNameRange     '1.1.7',
29 silly addNameRange     '1.1.8-beta1',
29 silly addNameRange     '1.1.8-beta2',
29 silly addNameRange     '1.1.8-beta3',
29 silly addNameRange     '1.1.8-beta4',
29 silly addNameRange     '1.1.8-beta5',
29 silly addNameRange     '1.1.8',
29 silly addNameRange     '1.1.9-beta1',
29 silly addNameRange     '1.1.9',
29 silly addNameRange     '1.1.10',
29 silly addNameRange     '1.1.11-beta1',
29 silly addNameRange     '1.1.11-beta2',
29 silly addNameRange     '1.1.11',
29 silly addNameRange     '1.1.12-beta1',
29 silly addNameRange     '1.1.12-beta2',
29 silly addNameRange     '1.1.12-beta3',
29 silly addNameRange     '1.1.12',
29 silly addNameRange     '1.1.13',
29 silly addNameRange     '1.1.14-beta1',
29 silly addNameRange     '1.1.14-beta2',
29 silly addNameRange     '1.1.14-beta3',
29 silly addNameRange     '1.2.0-beta1',
29 silly addNameRange     '1.2.0',
29 silly addNameRange     '1.2.1-beta1',
29 silly addNameRange     '1.2.1-beta2',
29 silly addNameRange     '1.2.1-beta3',
29 silly addNameRange     '1.2.1-beta4',
29 silly addNameRange     '1.2.1',
29 silly addNameRange     '1.2.2',
29 silly addNameRange     '1.2.3-beta1',
29 silly addNameRange     '1.2.3-beta2',
29 silly addNameRange     '1.2.3-beta3',
29 silly addNameRange     '1.2.3',
29 silly addNameRange     '1.2.4-beta1',
29 silly addNameRange     '1.2.4-beta2',
29 silly addNameRange     '1.2.4-beta3',
29 silly addNameRange     '1.2.4',
29 silly addNameRange     '1.2.5-beta1',
29 silly addNameRange     '1.2.5-beta2',
29 silly addNameRange     '1.2.5-beta3',
29 silly addNameRange     '1.2.5',
29 silly addNameRange     '1.2.6-beta1',
29 silly addNameRange     '1.2.6-beta2',
29 silly addNameRange     '1.2.6-beta3',
29 silly addNameRange     '1.2.6',
29 silly addNameRange     '1.2.7',
29 silly addNameRange     '1.2.8-beta1',
29 silly addNameRange     '1.2.8-beta2',
29 silly addNameRange     '1.2.8',
29 silly addNameRange     '1.2.9',
29 silly addNameRange     '1.2.10',
29 silly addNameRange     '1.2.11',
29 silly addNameRange     '1.2.12',
29 silly addNameRange     '1.2.13',
29 silly addNameRange     '1.2.14-beta1',
29 silly addNameRange     '1.2.14-beta2',
29 silly addNameRange     '1.2.14-beta3',
29 silly addNameRange     '1.2.14-beta4',
29 silly addNameRange     '1.2.14-beta5',
29 silly addNameRange     '1.2.14-beta6',
29 silly addNameRange     '1.2.14',
29 silly addNameRange     '1.3.0-beta1',
29 silly addNameRange     '1.3.0',
29 silly addNameRange     '1.3.1',
29 silly addNameRange     '1.3.2',
29 silly addNameRange     '1.3.3',
29 silly addNameRange     '1.3.4',
29 silly addNameRange     '1.3.5',
29 silly addNameRange     '1.3.6',
29 silly addNameRange     '1.3.7',
29 silly addNameRange     '1.3.8',
29 silly addNameRange     '1.3.9',
29 silly addNameRange     '1.3.10',
29 silly addNameRange     '1.4.0-alpha.1',
29 silly addNameRange     '1.3.11',
29 silly addNameRange     '1.3.1-1.alpha.0',
29 silly addNameRange     '1.4.0-alpha.2',
29 silly addNameRange     '1.3.12',
29 silly addNameRange     '1.3.12-beta.1',
29 silly addNameRange     '1.3.12-beta.2',
29 silly addNameRange     '1.3.13-beta.0',
29 silly addNameRange     '1.3.1-3.beta.1',
29 silly addNameRange     '1.3.1-3.beta.2',
29 silly addNameRange     '1.3.13',
29 silly addNameRange     '1.3.1-3.beta.4',
29 silly addNameRange     '1.3.14-beta',
29 silly addNameRange     '1.3.14-beta.1',
29 silly addNameRange     '1.4.0-alpha.3',
29 silly addNameRange     '1.3.14',
29 silly addNameRange     '1.4.0-alpha.4',
29 silly addNameRange     '1.4.0-alpha.5',
29 silly addNameRange     '1.3.15-beta.0',
29 silly addNameRange     '1.3.15-beta.1',
29 silly addNameRange     '1.3.15-beta.2',
29 silly addNameRange     '1.3.15-beta.3',
29 silly addNameRange     '1.3.15-beta.4',
29 silly addNameRange     '1.3.15',
29 silly addNameRange     '1.3.16',
29 silly addNameRange     '1.4.0-alpha.6',
29 silly addNameRange     '1.3.17-beta.0',
29 silly addNameRange     '1.3.17-beta.1',
29 silly addNameRange     '1.3.17-beta.2',
29 silly addNameRange     '1.3.17-beta.3',
29 silly addNameRange     '1.3.1-7.beta.4',
29 silly addNameRange     '1.3.17',
29 silly addNameRange     '1.3.18-beta.0',
29 silly addNameRange     '1.3.18-beta.1',
29 silly addNameRange     '1.3.18-beta.2',
29 silly addNameRange     '1.3.18-beta.3',
29 silly addNameRange     '1.3.18',
29 silly addNameRange     '1.3.19-beta.0',
29 silly addNameRange     '1.3.19-beta.1',
29 silly addNameRange     '1.3.19-beta.2',
29 silly addNameRange     '1.3.19-beta.3',
29 silly addNameRange     '1.3.19-beta.4',
29 silly addNameRange     '1.3.19',
29 silly addNameRange     '1.3.20',
29 silly addNameRange     '1.4.1-beta.0',
29 silly addNameRange     '1.4.0-beta.1',
29 silly addNameRange     '1.4.0-beta.2',
29 silly addNameRange     '1.4.0-beta.3',
29 silly addNameRange     '1.4.0-beta.5',
29 silly addNameRange     '1.4.0-beta.6',
29 silly addNameRange     '1.4.0-beta.7',
29 silly addNameRange     '1.3.21-beta.0',
29 silly addNameRange     '1.3.21-beta.1',
29 silly addNameRange     '1.3.21',
29 silly addNameRange     '1.3.22',
29 silly addNameRange     '1.4.0-beta.8',
29 silly addNameRange     '1.4.0-beta.9',
29 silly addNameRange     '1.4.0-beta.10',
29 silly addNameRange     '1.4.0-beta.11',
29 silly addNameRange     '1.4.0-beta.12',
29 silly addNameRange     '1.4.0-beta.13',
29 silly addNameRange     '1.4.0-beta.14',
29 silly addNameRange     '1.4.0-beta.15',
29 silly addNameRange     '1.4.0-beta.16',
29 silly addNameRange     '1.4.0-beta.17',
29 silly addNameRange     '1.4.0-beta.18',
29 silly addNameRange     '1.4.0',
29 silly addNameRange     '1.4.1',
29 silly addNameRange     '1.4.2',
29 silly addNameRange     '1.4.3',
29 silly addNameRange     '1.4.4-beta.0',
29 silly addNameRange     '1.4.4-beta.2',
29 silly addNameRange     '1.4.4',
29 silly addNameRange     '1.4.5-beta.0',
29 silly addNameRange     '1.4.5-beta.1',
29 silly addNameRange     '1.4.5-beta.2',
29 silly addNameRange     '1.4.5-beta.3',
29 silly addNameRange     '1.4.5',
29 silly addNameRange     '1.4.6-beta.0',
29 silly addNameRange     '1.4.6',
29 silly addNameRange     '1.4.7',
29 silly addNameRange     '1.4.8',
29 silly addNameRange     '1.5.0-beta.0',
29 silly addNameRange     '1.5.0-beta.1',
29 silly addNameRange     '1.5.0',
29 silly addNameRange     '1.5.1-beta.0',
29 silly addNameRange     '1.5.1-beta.1',
29 silly addNameRange     '1.5.1-beta.2',
29 silly addNameRange     '1.5.1-beta.3',
29 silly addNameRange     '1.5.1-beta.4',
29 silly addNameRange     '1.5.1',
29 silly addNameRange     '1.5.2',
29 silly addNameRange     '1.5.3',
29 silly addNameRange     '1.5.4',
29 silly addNameRange     '1.5.5',
29 silly addNameRange     '1.6.0-beta.1',
29 silly addNameRange     '1.6.0',
29 silly addNameRange     '1.6.1',
29 silly addNameRange     '1.6.2-beta.0',
29 silly addNameRange     '1.6.2-beta.1',
29 silly addNameRange     '1.6.2-beta.2',
29 silly addNameRange     '1.6.2',
29 silly addNameRange     '1.6.3-beta.0',
29 silly addNameRange     '1.6.3-beta.1',
29 silly addNameRange     '1.6.3',
29 silly addNameRange     '1.6.4-beta.0',
29 silly addNameRange     '1.6.4-beta.1',
29 silly addNameRange     '1.6.4',
29 silly addNameRange     '1.7.0-beta.0',
29 silly addNameRange     '1.7.0-beta.1',
29 silly addNameRange     '1.7.0-beta.2',
29 silly addNameRange     '1.7.0-beta.3',
29 silly addNameRange     '2.0.0-alpha.1',
29 silly addNameRange     '2.0.0-alpha.3',
29 silly addNameRange     '1.7.0-beta.4',
29 silly addNameRange     '1.6.5-testing.0',
29 silly addNameRange     '1.6.5-testing.1',
29 silly addNameRange     '1.6.5-testing.2',
29 silly addNameRange     '1.6.5-testing.3',
29 silly addNameRange     '1.6.5',
29 silly addNameRange     '2.0.0-alpha.4',
29 silly addNameRange     '1.7.0-beta.5',
29 silly addNameRange     '1.7.0-beta.6',
29 silly addNameRange     '1.7.0',
29 silly addNameRange     '2.0.0-alpha.5',
29 silly addNameRange     '2.0.0-alpha.6',
29 silly addNameRange     '1.7.1',
29 silly addNameRange     '2.0.0-alpha.7',
29 silly addNameRange     '2.0.0-alpha.8',
29 silly addNameRange     '1.7.2',
29 silly addNameRange     '1.7.3',
29 silly addNameRange     '1.7.4',
29 silly addNameRange     '1.7.5',
29 silly addNameRange     '1.7.6',
29 silly addNameRange     '1.7.7-beta.0',
29 silly addNameRange     '2.0.0-alpha.9',
29 silly addNameRange     '1.7.7',
29 silly addNameRange     '2.0.0-alpha.10',
29 silly addNameRange     '2.0.0-alpha.11',
29 silly addNameRange     '2.0.0-alpha.12',
29 silly addNameRange     '2.0.0-alpha.13',
29 silly addNameRange     '2.0.0-alpha.14',
29 silly addNameRange     '2.0.0-alpha.15',
29 silly addNameRange     '2.0.0-alpha.16',
29 silly addNameRange     '2.0.0-alpha.17',
29 silly addNameRange     '2.0.0-alpha.18',
29 silly addNameRange     '1.7.8-beta.0',
29 silly addNameRange     '1.7.8-beta.1',
29 silly addNameRange     '1.7.8-beta.2',
29 silly addNameRange     '1.7.8-beta.3',
29 silly addNameRange     '1.7.8',
29 silly addNameRange     '2.0.0-alpha.19',
29 silly addNameRange     '2.0.0-alpha.20',
29 silly addNameRange     '2.0.0-alpha.21',
29 silly addNameRange     '2.0.0-alpha.22',
29 silly addNameRange     '2.0.0-alpha.23',
29 silly addNameRange     '1.7.9',
29 silly addNameRange     '1.7.10',
29 silly addNameRange     '2.0.0-alpha.24',
29 silly addNameRange     '2.0.0-alpha.25',
29 silly addNameRange     '2.0.0-beta.1',
29 silly addNameRange     '1.7.11',
29 silly addNameRange     '2.0.0-beta.2',
29 silly addNameRange     '2.0.0-beta.3',
29 silly addNameRange     '2.0.0-beta.4',
29 silly addNameRange     '2.0.0-beta.5',
29 silly addNameRange     '2.0.0-beta.6',
29 silly addNameRange     '2.0.0-beta.7',
29 silly addNameRange     '2.0.0-beta.8',
29 silly addNameRange     '2.0.0-beta.9',
29 silly addNameRange     '2.0.0-beta.10',
29 silly addNameRange     '2.0.0-beta.11',
29 silly addNameRange     '1.7.12',
29 silly addNameRange     '2.0.0-beta.12',
29 silly addNameRange     '2.0.0-beta.13',
29 silly addNameRange     '2.0.0-beta.14',
29 silly addNameRange     '2.0.0-beta.15',
29 silly addNameRange     '2.0.0-beta.16',
29 silly addNameRange     '2.0.0-beta.17',
29 silly addNameRange     '1.7.13' ] ]
30 silly addNamed ionic@1.7.13
31 verbose addNamed "1.7.13" is a plain semver version for ionic
32 silly mapToRegistry name ionic
33 silly mapToRegistry using default registry
34 silly mapToRegistry registry https://registry.npmjs.org/
35 silly mapToRegistry uri https://registry.npmjs.org/ionic
36 verbose addRemoteTarball https://registry.npmjs.org/ionic/-/ionic-1.7.13.tgz not in flight; adding
37 verbose addRemoteTarball [ 'https://registry.npmjs.org/ionic/-/ionic-1.7.13.tgz',
37 verbose addRemoteTarball   '0a16c0aea3280acd406938d31165fc0f2d258e06' ]
38 info retry fetch attempt 1 at 1:06:23 PM
39 info attempt registry request try #1 at 1:06:23 PM
40 http fetch GET https://registry.npmjs.org/ionic/-/ionic-1.7.13.tgz
41 http fetch 200 https://registry.npmjs.org/ionic/-/ionic-1.7.13.tgz
42 silly fetchAndShaCheck shasum 0a16c0aea3280acd406938d31165fc0f2d258e06
43 verbose addTmpTarball /tmp/npm-1451-4adbbaef/registry.npmjs.org/ionic/-/ionic-1.7.13.tgz not in flight; adding
44 verbose addTmpTarball already have metadata; skipping unpack for ionic@1.7.13
45 silly cache afterAdd ionic@1.7.13
46 verbose afterAdd /var/root/.npm/ionic/1.7.13/package/package.json not in flight; writing
47 verbose afterAdd /var/root/.npm/ionic/1.7.13/package/package.json written
48 silly install resolved [ { name: 'ionic',
48 silly install resolved     version: '1.7.13',
48 silly install resolved     preferGlobal: true,
48 silly install resolved     description: 'A tool for creating and developing Ionic Framework mobile apps.',
48 silly install resolved     homepage: 'http://ionicframework.com/',
48 silly install resolved     bin: { ionic: 'bin/ionic' },
48 silly install resolved     scripts:
48 silly install resolved      { bump: 'node lib/tasks/bumpversion',
48 silly install resolved        'beta-bump': 'node lib/tasks/bumpversion --level pre --identifier beta',
48 silly install resolved        'publish-release': 'node lib/tasks/bumpversion --npmPublish',
48 silly install resolved        'publish-tag': 'node lib/tasks/bumpversion --level beta --npmPublishTag',
48 silly install resolved        'full-release': 'node lib/tasks/bumpversion --npmInstall --git --npmPublish',
48 silly install resolved        test: 'npm run jasmine',
48 silly install resolved        e2e: 'jasmine-node --captureExceptions ./e2e',
48 silly install resolved        jasmine: 'jasmine-node --captureExceptions  ./spec' },
48 silly install resolved     keywords:
48 silly install resolved      [ 'ionic',
48 silly install resolved        'ionic framework',
48 silly install resolved        'ionicframework',
48 silly install resolved        'mobile',
48 silly install resolved        'app',
48 silly install resolved        'hybrid',
48 silly install resolved        'cordova',
48 silly install resolved        'phonegap' ],
48 silly install resolved     repository:
48 silly install resolved      { type: 'git',
48 silly install resolved        url: 'git+https://github.com/driftyco/ionic-cli.git' },
48 silly install resolved     contributors: [ [Object], [Object], [Object], [Object] ],
48 silly install resolved     license: 'MIT',
48 silly install resolved     dependencies:
48 silly install resolved      { async: '^0.9.0',
48 silly install resolved        cheerio: '^0.19.0',
48 silly install resolved        'cli-table': '^0.3.1',
48 silly install resolved        colors: '0.6.2',
48 silly install resolved        connect: '3.1.1',
48 silly install resolved        'connect-livereload': '0.5.2',
48 silly install resolved        crc: '3.2.1',
48 silly install resolved        'cross-spawn': '0.2.3',
48 silly install resolved        'event-stream': '3.0.x',
48 silly install resolved        'expand-tilde': '^1.2.0',
48 silly install resolved        finalhandler: '0.2.0',
48 silly install resolved        'form-data': '0.1.4',
48 silly install resolved        gulp: '3.8.8',
48 silly install resolved        'ionic-app-lib': '0.6.5',
48 silly install resolved        moment: '^2.10.6',
48 silly install resolved        ncp: '0.4.2',
48 silly install resolved        npm: '2.1.3',
48 silly install resolved        open: '0.0.5',
48 silly install resolved        optimist: '0.6.0',
48 silly install resolved        progress: '1.1.7',
48 silly install resolved        prompt: '0.2.12',
48 silly install resolved        'proxy-middleware': '^0.7.0',
48 silly install resolved        q: '1.0.1',
48 silly install resolved        request: '2.51.0',
48 silly install resolved        semver: '^4.2.0',
48 silly install resolved        'serve-static': '1.7.1',
48 silly install resolved        shelljs: '0.2.6',
48 silly install resolved        'tiny-lr-fork': '0.0.5',
48 silly install resolved        underscore: '~1.7.0',
48 silly install resolved        unzip: '0.1.9',
48 silly install resolved        'vinyl-fs': '0.3.7',
48 silly install resolved        xml2js: '0.4.4' },
48 silly install resolved     devDependencies: { 'jasmine-node': '^1.14.5', rewire: '^2.3.4' },
48 silly install resolved     gitHead: 'fec24f7eecdc02d536fc62f5eb27b93084127001',
48 silly install resolved     bugs: { url: 'https://github.com/driftyco/ionic-cli/issues' },
48 silly install resolved     bundleDependencies:
48 silly install resolved      [ 'async',
48 silly install resolved        'cheerio',
48 silly install resolved        'cli-table',
48 silly install resolved        'colors',
48 silly install resolved        'connect',
48 silly install resolved        'connect-livereload',
48 silly install resolved        'crc',
48 silly install resolved        'cross-spawn',
48 silly install resolved        'event-stream',
48 silly install resolved        'expand-tilde',
48 silly install resolved        'finalhandler',
48 silly install resolved        'form-data',
48 silly install resolved        'gulp',
48 silly install resolved        'ionic-app-lib',
48 silly install resolved        'moment',
48 silly install resolved        'ncp',
48 silly install resolved        'npm',
48 silly install resolved        'open',
48 silly install resolved        'optimist',
48 silly install resolved        'progress',
48 silly install resolved        'prompt',
48 silly install resolved        'proxy-middleware',
48 silly install resolved        'q',
48 silly install resolved        'request',
48 silly install resolved        'semver',
48 silly install resolved        'serve-static',
48 silly install resolved        'shelljs',
48 silly install resolved        'tiny-lr-fork',
48 silly install resolved        'underscore',
48 silly install resolved        'unzip',
48 silly install resolved        'vinyl-fs',
48 silly install resolved        'xml2js' ],
48 silly install resolved     _id: 'ionic@1.7.13',
48 silly install resolved     _shasum: '0a16c0aea3280acd406938d31165fc0f2d258e06',
48 silly install resolved     _from: 'ionic@*',
48 silly install resolved     _npmVersion: '2.10.1',
48 silly install resolved     _nodeVersion: '0.12.4',
48 silly install resolved     _npmUser: { name: 'tlancina', email: 'tim@ionic.io' },
48 silly install resolved     dist:
48 silly install resolved      { shasum: '0a16c0aea3280acd406938d31165fc0f2d258e06',
48 silly install resolved        tarball: 'http://registry.npmjs.org/ionic/-/ionic-1.7.13.tgz' },
48 silly install resolved     maintainers: [ [Object], [Object], [Object], [Object], [Object] ],
48 silly install resolved     directories: {},
48 silly install resolved     _resolved: 'https://registry.npmjs.org/ionic/-/ionic-1.7.13.tgz' } ]
49 info install ionic@1.7.13 into /usr/local/lib
50 info installOne ionic@1.7.13
51 verbose installOne of ionic to /usr/local/lib not in flight; installing
52 verbose makeDirectory /var/root/.npm/_locks creation not in flight; initializing
53 silly makeDirectory /var/root/.npm/_locks uid: 501 gid: 20
54 verbose lock using /var/root/.npm/_locks/ionic-61c0cd50dc7a1457.lock for /usr/local/lib/node_modules/ionic
55 silly install write writing ionic 1.7.13 to /usr/local/lib/node_modules/ionic
56 verbose unbuild lib/node_modules/ionic
57 info preuninstall ionic@1.7.12
58 info uninstall ionic@1.7.12
59 verbose unbuild rmStuff ionic@1.7.12 from /usr/local/lib/node_modules
60 silly gentlyRm /usr/local/bin/ionic is being gently removed
61 silly gentlyRm verifying /usr/local is an npm working directory
62 silly gentlyRm containing path /usr/local is under npm's control, in /usr/local
63 silly gentlyRm deletion target /usr/local/bin/ionic is under /usr/local
64 verbose gentlyRm vacuuming from /usr/local/bin/ionic up to /usr/local
65 silly vacuum-fs removing /usr/local/bin/ionic
66 silly vacuum-fs quitting because other entries in /usr/local/bin
67 info postuninstall ionic@1.7.12
68 silly gentlyRm /usr/local/lib/node_modules/ionic is being purged from base /usr/local
69 verbose gentlyRm don't care about contents; nuking /usr/local/lib/node_modules/ionic
70 silly vacuum-fs purging /usr/local/lib/node_modules/ionic
71 verbose stack Error: read ETIMEDOUT
71 verbose stack     at exports._errnoException (util.js:874:11)
71 verbose stack     at TLSWrap.onread (net.js:544:26)
72 verbose cwd /Users/bhafenri/NetBeansProjects/myLeagues-Ionic
73 error Darwin 15.2.0
74 error argv "/usr/local/bin/node" "/usr/local/bin/npm" "install" "-g" "ionic"
75 error node v4.2.3
76 error npm  v2.14.7
77 error code ETIMEDOUT
78 error errno ETIMEDOUT
79 error syscall read
80 error network read ETIMEDOUT
80 error network This is most likely not a problem with npm itself
80 error network and is related to network connectivity.
80 error network In most cases you are behind a proxy or have bad network settings.
80 error network
80 error network If you are behind a proxy, please make sure that the
80 error network 'proxy' config is set properly.  See: 'npm help config'
81 verbose exit [ 1, true ]
